0 info it worked if it ends with ok
1 verbose cli [ '/usr/local/bin/node',
1 verbose cli   '/usr/local/bin/npm',
1 verbose cli   'install',
1 verbose cli   '--save',
1 verbose cli   'canvas',
1 verbose cli   'nchart' ]
2 info using npm@3.5.1
3 info using node@v4.2.2
4 silly loadCurrentTree Starting
5 silly install loadCurrentTree
6 silly install readLocalPackageData
7 silly fetchPackageMetaData canvas
8 silly fetchPackageMetaData nchart
9 silly fetchNamedPackageData canvas
10 silly mapToRegistry name canvas
11 silly mapToRegistry using default registry
12 silly mapToRegistry registry https://registry.npmjs.org/
13 silly mapToRegistry uri https://registry.npmjs.org/canvas
14 silly fetchNamedPackageData nchart
15 silly mapToRegistry name nchart
16 silly mapToRegistry using default registry
17 silly mapToRegistry registry https://registry.npmjs.org/
18 silly mapToRegistry uri https://registry.npmjs.org/nchart
19 verbose request uri https://registry.npmjs.org/canvas
20 verbose request no auth needed
21 info attempt registry request try #1 at 2:10:05 PM
22 verbose request using bearer token for auth
23 verbose request id 7f1d8cbc24c53b27
24 http request GET https://registry.npmjs.org/canvas
25 verbose request uri https://registry.npmjs.org/nchart
26 verbose request no auth needed
27 info attempt registry request try #1 at 2:10:05 PM
28 verbose request using bearer token for auth
29 http request GET https://registry.npmjs.org/nchart
30 http 200 https://registry.npmjs.org/nchart
31 verbose headers { server: 'CouchDB/1.5.0 (Erlang OTP/R16B03)',
31 verbose headers   etag: '"B9QW98XD3WNU0OJ3PPSH89044"',
31 verbose headers   'content-type': 'application/json',
31 verbose headers   'cache-control': 'max-age=300',
31 verbose headers   'content-length': '17154',
31 verbose headers   'accept-ranges': 'bytes',
31 verbose headers   date: 'Wed, 16 Mar 2016 13:10:06 GMT',
31 verbose headers   via: '1.1 varnish',
31 verbose headers   connection: 'keep-alive',
31 verbose headers   'x-served-by': 'cache-ams4123-AMS',
31 verbose headers   'x-cache': 'MISS',
31 verbose headers   'x-cache-hits': '0',
31 verbose headers   'x-timer': 'S1458133806.073184,VS0,VE206',
31 verbose headers   vary: 'Accept' }
32 silly get cb [ 200,
32 silly get   { server: 'CouchDB/1.5.0 (Erlang OTP/R16B03)',
32 silly get     etag: '"B9QW98XD3WNU0OJ3PPSH89044"',
32 silly get     'content-type': 'application/json',
32 silly get     'cache-control': 'max-age=300',
32 silly get     'content-length': '17154',
32 silly get     'accept-ranges': 'bytes',
32 silly get     date: 'Wed, 16 Mar 2016 13:10:06 GMT',
32 silly get     via: '1.1 varnish',
32 silly get     connection: 'keep-alive',
32 silly get     'x-served-by': 'cache-ams4123-AMS',
32 silly get     'x-cache': 'MISS',
32 silly get     'x-cache-hits': '0',
32 silly get     'x-timer': 'S1458133806.073184,VS0,VE206',
32 silly get     vary: 'Accept' } ]
33 verbose get saving nchart to /home/mlabouardy/.npm/registry.npmjs.org/nchart/.cache.json
34 http 200 https://registry.npmjs.org/canvas
35 verbose headers { server: 'CouchDB/1.5.0 (Erlang OTP/R16B03)',
35 verbose headers   etag: '"Z0BLVCVLNLMR7G3H6MQ4ZWBL"',
35 verbose headers   'content-type': 'application/json',
35 verbose headers   'cache-control': 'max-age=300',
35 verbose headers   'content-length': '105622',
35 verbose headers   'accept-ranges': 'bytes',
35 verbose headers   date: 'Wed, 16 Mar 2016 13:10:06 GMT',
35 verbose headers   via: '1.1 varnish',
35 verbose headers   connection: 'keep-alive',
35 verbose headers   'x-served-by': 'cache-ams4138-AMS',
35 verbose headers   'x-cache': 'MISS',
35 verbose headers   'x-cache-hits': '0',
35 verbose headers   'x-timer': 'S1458133806.070274,VS0,VE366',
35 verbose headers   vary: 'Accept' }
36 silly get cb [ 200,
36 silly get   { server: 'CouchDB/1.5.0 (Erlang OTP/R16B03)',
36 silly get     etag: '"Z0BLVCVLNLMR7G3H6MQ4ZWBL"',
36 silly get     'content-type': 'application/json',
36 silly get     'cache-control': 'max-age=300',
36 silly get     'content-length': '105622',
36 silly get     'accept-ranges': 'bytes',
36 silly get     date: 'Wed, 16 Mar 2016 13:10:06 GMT',
36 silly get     via: '1.1 varnish',
36 silly get     connection: 'keep-alive',
36 silly get     'x-served-by': 'cache-ams4138-AMS',
36 silly get     'x-cache': 'MISS',
36 silly get     'x-cache-hits': '0',
36 silly get     'x-timer': 'S1458133806.070274,VS0,VE366',
36 silly get     vary: 'Accept' } ]
37 verbose get saving canvas to /home/mlabouardy/.npm/registry.npmjs.org/canvas/.cache.json
38 silly install normalizeTree
39 silly loadCurrentTree Finishing
40 silly loadIdealTree Starting
41 silly install loadIdealTree
42 silly cloneCurrentTree Starting
43 silly install cloneCurrentTreeToIdealTree
44 silly cloneCurrentTree Finishing
45 silly loadShrinkwrap Starting
46 silly install loadShrinkwrap
47 silly loadShrinkwrap Finishing
48 silly loadAllDepsIntoIdealTree Starting
49 silly install loadAllDepsIntoIdealTree
50 silly resolveWithNewModule nchart@1.0.1 checking installable status
51 silly cache add args [ 'nchart', null ]
52 verbose cache add spec nchart
53 silly resolveWithNewModule canvas@1.3.12 checking installable status
54 silly cache add args [ 'canvas', null ]
55 verbose cache add spec canvas
56 silly cache add parsed spec Result {
56 silly cache add   raw: 'nchart',
56 silly cache add   scope: null,
56 silly cache add   name: 'nchart',
56 silly cache add   rawSpec: '',
56 silly cache add   spec: 'latest',
56 silly cache add   type: 'tag' }
57 silly addNamed nchart@latest
58 verbose addNamed "latest" is being treated as a dist-tag for nchart
59 info addNameTag [ 'nchart', 'latest' ]
60 silly mapToRegistry name nchart
61 silly mapToRegistry using default registry
62 silly mapToRegistry registry https://registry.npmjs.org/
63 silly mapToRegistry uri https://registry.npmjs.org/nchart
64 verbose addNameTag registry:https://registry.npmjs.org/nchart not in flight; fetching
65 silly cache add parsed spec Result {
65 silly cache add   raw: 'canvas',
65 silly cache add   scope: null,
65 silly cache add   name: 'canvas',
65 silly cache add   rawSpec: '',
65 silly cache add   spec: 'latest',
65 silly cache add   type: 'tag' }
66 silly addNamed canvas@latest
67 verbose addNamed "latest" is being treated as a dist-tag for canvas
68 info addNameTag [ 'canvas', 'latest' ]
69 silly mapToRegistry name canvas
70 silly mapToRegistry using default registry
71 silly mapToRegistry registry https://registry.npmjs.org/
72 silly mapToRegistry uri https://registry.npmjs.org/canvas
73 verbose addNameTag registry:https://registry.npmjs.org/canvas not in flight; fetching
74 verbose get https://registry.npmjs.org/nchart not expired, no request
75 silly addNameTag next cb for nchart with tag latest
76 silly addNamed nchart@1.0.1
77 verbose addNamed "1.0.1" is a plain semver version for nchart
78 verbose get https://registry.npmjs.org/canvas not expired, no request
79 silly addNameTag next cb for canvas with tag latest
80 silly addNamed canvas@1.3.12
81 verbose addNamed "1.3.12" is a plain semver version for canvas
82 silly mapToRegistry name nchart
83 silly mapToRegistry using default registry
84 silly mapToRegistry registry https://registry.npmjs.org/
85 silly mapToRegistry uri https://registry.npmjs.org/nchart
86 verbose addRemoteTarball https://registry.npmjs.org/nchart/-/nchart-1.0.1.tgz not in flight; adding
87 verbose addRemoteTarball [ 'https://registry.npmjs.org/nchart/-/nchart-1.0.1.tgz',
87 verbose addRemoteTarball   '6c958fc88b174955db8f18de62e3cfb14dd19ddc' ]
88 silly mapToRegistry name canvas
89 silly mapToRegistry using default registry
90 silly mapToRegistry registry https://registry.npmjs.org/
91 silly mapToRegistry uri https://registry.npmjs.org/canvas
92 verbose addRemoteTarball https://registry.npmjs.org/canvas/-/canvas-1.3.12.tgz not in flight; adding
93 verbose addRemoteTarball [ 'https://registry.npmjs.org/canvas/-/canvas-1.3.12.tgz',
93 verbose addRemoteTarball   '0e6d7b78d6c9730cf1129d1138b28d6d52667e93' ]
94 info retry fetch attempt 1 at 2:10:07 PM
95 info attempt registry request try #1 at 2:10:07 PM
96 http fetch GET https://registry.npmjs.org/nchart/-/nchart-1.0.1.tgz
97 verbose request using bearer token for auth
98 info retry fetch attempt 1 at 2:10:07 PM
99 info attempt registry request try #1 at 2:10:07 PM
100 http fetch GET https://registry.npmjs.org/canvas/-/canvas-1.3.12.tgz
101 verbose request using bearer token for auth
102 http fetch 200 https://registry.npmjs.org/nchart/-/nchart-1.0.1.tgz
103 http fetch 200 https://registry.npmjs.org/canvas/-/canvas-1.3.12.tgz
104 silly fetchAndShaCheck shasum 6c958fc88b174955db8f18de62e3cfb14dd19ddc
105 silly fetchAndShaCheck shasum 0e6d7b78d6c9730cf1129d1138b28d6d52667e93
106 verbose addTmpTarball /tmp/npm-7042-88921b3d/registry.npmjs.org/nchart/-/nchart-1.0.1.tgz not in flight; adding
107 verbose addTmpTarball already have metadata; skipping unpack for nchart@1.0.1
108 verbose addTmpTarball /tmp/npm-7042-88921b3d/registry.npmjs.org/canvas/-/canvas-1.3.12.tgz not in flight; adding
109 verbose addTmpTarball already have metadata; skipping unpack for canvas@1.3.12
110 silly cache afterAdd nchart@1.0.1
111 verbose afterAdd /home/mlabouardy/.npm/nchart/1.0.1/package/package.json not in flight; writing
112 silly cache afterAdd canvas@1.3.12
113 verbose afterAdd /home/mlabouardy/.npm/canvas/1.3.12/package/package.json not in flight; writing
114 verbose afterAdd /home/mlabouardy/.npm/nchart/1.0.1/package/package.json written
115 verbose afterAdd /home/mlabouardy/.npm/canvas/1.3.12/package/package.json written
116 silly fetchNamedPackageData nan
117 silly mapToRegistry name nan
118 silly mapToRegistry using default registry
119 silly mapToRegistry registry https://registry.npmjs.org/
120 silly mapToRegistry uri https://registry.npmjs.org/nan
121 verbose request uri https://registry.npmjs.org/nan
122 verbose request no auth needed
123 info attempt registry request try #1 at 2:10:07 PM
124 verbose request using bearer token for auth
125 verbose etag "7Y2U1A5TWU1O0YTKGMD4FB8ZN"
126 http request GET https://registry.npmjs.org/nan
127 http 200 https://registry.npmjs.org/nan
128 verbose headers { server: 'CouchDB/1.5.0 (Erlang OTP/R16B03)',
128 verbose headers   etag: '"9GNMF0K57Y4H80QS1L4U9QND9"',
128 verbose headers   'content-type': 'application/json',
128 verbose headers   'cache-control': 'max-age=300',
128 verbose headers   'content-length': '102533',
128 verbose headers   'accept-ranges': 'bytes',
128 verbose headers   date: 'Wed, 16 Mar 2016 13:10:08 GMT',
128 verbose headers   via: '1.1 varnish',
128 verbose headers   connection: 'keep-alive',
128 verbose headers   'x-served-by': 'cache-ams4136-AMS',
128 verbose headers   'x-cache': 'MISS',
128 verbose headers   'x-cache-hits': '0',
128 verbose headers   'x-timer': 'S1458133807.774584,VS0,VE352',
128 verbose headers   vary: 'Accept' }
129 silly get cb [ 200,
129 silly get   { server: 'CouchDB/1.5.0 (Erlang OTP/R16B03)',
129 silly get     etag: '"9GNMF0K57Y4H80QS1L4U9QND9"',
129 silly get     'content-type': 'application/json',
129 silly get     'cache-control': 'max-age=300',
129 silly get     'content-length': '102533',
129 silly get     'accept-ranges': 'bytes',
129 silly get     date: 'Wed, 16 Mar 2016 13:10:08 GMT',
129 silly get     via: '1.1 varnish',
129 silly get     connection: 'keep-alive',
129 silly get     'x-served-by': 'cache-ams4136-AMS',
129 silly get     'x-cache': 'MISS',
129 silly get     'x-cache-hits': '0',
129 silly get     'x-timer': 'S1458133807.774584,VS0,VE352',
129 silly get     vary: 'Accept' } ]
130 verbose get saving nan to /home/mlabouardy/.npm/registry.npmjs.org/nan/.cache.json
131 silly resolveWithNewModule nan@2.2.0 checking installable status
132 silly cache add args [ 'nan@^2.1.0', null ]
133 verbose cache add spec nan@^2.1.0
134 silly cache add parsed spec Result {
134 silly cache add   raw: 'nan@^2.1.0',
134 silly cache add   scope: null,
134 silly cache add   name: 'nan',
134 silly cache add   rawSpec: '^2.1.0',
134 silly cache add   spec: '>=2.1.0 <3.0.0',
134 silly cache add   type: 'range' }
135 silly addNamed nan@>=2.1.0 <3.0.0
136 verbose addNamed ">=2.1.0 <3.0.0" is a valid semver range for nan
137 silly addNameRange { name: 'nan', range: '>=2.1.0 <3.0.0', hasData: false }
138 silly mapToRegistry name nan
139 silly mapToRegistry using default registry
140 silly mapToRegistry registry https://registry.npmjs.org/
141 silly mapToRegistry uri https://registry.npmjs.org/nan
142 verbose addNameRange registry:https://registry.npmjs.org/nan not in flight; fetching
143 verbose get https://registry.npmjs.org/nan not expired, no request
144 silly addNameRange number 2 { name: 'nan', range: '>=2.1.0 <3.0.0', hasData: true }
145 silly addNameRange versions [ 'nan',
145 silly addNameRange   [ '0.3.0-wip',
145 silly addNameRange     '0.3.0-wip2',
145 silly addNameRange     '0.3.0',
145 silly addNameRange     '0.3.1',
145 silly addNameRange     '0.3.2',
145 silly addNameRange     '0.4.0',
145 silly addNameRange     '0.4.1',
145 silly addNameRange     '0.4.2',
145 silly addNameRange     '0.4.3',
145 silly addNameRange     '0.4.4',
145 silly addNameRange     '0.5.0',
145 silly addNameRange     '0.5.1',
145 silly addNameRange     '0.5.2',
145 silly addNameRange     '0.6.0',
145 silly addNameRange     '0.7.0',
145 silly addNameRange     '0.7.1',
145 silly addNameRange     '0.8.0',
145 silly addNameRange     '1.0.0',
145 silly addNameRange     '1.1.0',
145 silly addNameRange     '1.1.1',
145 silly addNameRange     '1.1.2',
145 silly addNameRange     '1.2.0',
145 silly addNameRange     '1.3.0',
145 silly addNameRange     '1.4.0',
145 silly addNameRange     '1.4.1',
145 silly addNameRange     '1.5.0',
145 silly addNameRange     '1.4.2',
145 silly addNameRange     '1.4.3',
145 silly addNameRange     '1.5.1',
145 silly addNameRange     '1.5.2',
145 silly addNameRange     '1.6.0',
145 silly addNameRange     '1.5.3',
145 silly addNameRange     '1.6.1',
145 silly addNameRange     '1.6.2',
145 silly addNameRange     '1.7.0',
145 silly addNameRange     '1.8.0',
145 silly addNameRange     '1.8.1',
145 silly addNameRange     '1.8.2',
145 silly addNameRange     '1.8.3',
145 silly addNameRange     '1.8.4',
145 silly addNameRange     '1.9.0',
145 silly addNameRange     '2.0.0',
145 silly addNameRange     '2.0.1',
145 silly addNameRange     '2.0.2',
145 silly addNameRange     '2.0.3',
145 silly addNameRange     '2.0.4',
145 silly addNameRange     '2.0.5',
145 silly addNameRange     '2.0.6',
145 silly addNameRange     '2.0.7',
145 silly addNameRange     '2.0.8',
145 silly addNameRange     '2.0.9',
145 silly addNameRange     '2.1.0',
145 silly addNameRange     '2.2.0' ] ]
146 silly addNamed nan@2.2.0
147 verbose addNamed "2.2.0" is a plain semver version for nan
148 silly cache afterAdd nan@2.2.0
149 verbose afterAdd /home/mlabouardy/.npm/nan/2.2.0/package/package.json not in flight; writing
150 verbose afterAdd /home/mlabouardy/.npm/nan/2.2.0/package/package.json written
151 silly loadAllDepsIntoIdealTree Finishing
152 silly idealTree:prePrune ped_green@1.0.0
152 silly idealTree:prePrune ├── abab@1.0.3
152 silly idealTree:prePrune ├── accepts@1.2.13
152 silly idealTree:prePrune ├── acorn-globals@1.0.9
152 silly idealTree:prePrune ├── acorn@2.7.0
152 silly idealTree:prePrune ├── adm-zip@0.4.4
152 silly idealTree:prePrune ├── amdefine@1.0.0
152 silly idealTree:prePrune ├── ansi-regex@2.0.0
152 silly idealTree:prePrune ├── ansi-styles@2.2.0
152 silly idealTree:prePrune ├── array-equal@1.0.0
152 silly idealTree:prePrune ├── array-flatten@1.1.1
152 silly idealTree:prePrune ├── asn1@0.2.3
152 silly idealTree:prePrune ├── assert-plus@0.2.0
152 silly idealTree:prePrune ├── assert@1.3.0
152 silly idealTree:prePrune ├── async@1.5.2
152 silly idealTree:prePrune ├── aws-sign2@0.6.0
152 silly idealTree:prePrune ├─┬ aws4@1.3.2
152 silly idealTree:prePrune │ └── lru-cache@4.0.0
152 silly idealTree:prePrune ├── balanced-match@0.3.0
152 silly idealTree:prePrune ├── basic-auth@1.0.3
152 silly idealTree:prePrune ├── bl@1.0.3
152 silly idealTree:prePrune ├── boom@2.10.1
152 silly idealTree:prePrune ├── brace-expansion@1.1.3
152 silly idealTree:prePrune ├── canvas@1.3.12
152 silly idealTree:prePrune ├── caseless@0.11.0
152 silly idealTree:prePrune ├─┬ chalk@1.1.1
152 silly idealTree:prePrune │ └── supports-color@2.0.0
152 silly idealTree:prePrune ├── color-convert@1.0.0
152 silly idealTree:prePrune ├── combined-stream@1.0.5
152 silly idealTree:prePrune ├── commander@2.3.0
152 silly idealTree:prePrune ├── concat-map@0.0.1
152 silly idealTree:prePrune ├── content-disposition@0.5.1
152 silly idealTree:prePrune ├── content-type@1.0.1
152 silly idealTree:prePrune ├── cookie-signature@1.0.6
152 silly idealTree:prePrune ├── cookie@0.1.5
152 silly idealTree:prePrune ├── core-util-is@1.0.2
152 silly idealTree:prePrune ├── cryptiles@2.0.5
152 silly idealTree:prePrune ├── cssom@0.3.1
152 silly idealTree:prePrune ├── cssstyle@0.2.34
152 silly idealTree:prePrune ├─┬ dashdash@1.13.0
152 silly idealTree:prePrune │ └── assert-plus@1.0.0
152 silly idealTree:prePrune ├── debug@2.2.0
152 silly idealTree:prePrune ├── deep-is@0.1.3
152 silly idealTree:prePrune ├── delayed-stream@1.0.0
152 silly idealTree:prePrune ├── depd@1.1.0
152 silly idealTree:prePrune ├── destroy@1.0.4
152 silly idealTree:prePrune ├── diff@1.4.0
152 silly idealTree:prePrune ├── ecc-jsbn@0.1.1
152 silly idealTree:prePrune ├── ee-first@1.1.1
152 silly idealTree:prePrune ├── escape-html@1.0.3
152 silly idealTree:prePrune ├── escape-string-regexp@1.0.2
152 silly idealTree:prePrune ├── escodegen@1.8.0
152 silly idealTree:prePrune ├── esprima@2.7.2
152 silly idealTree:prePrune ├── estraverse@1.9.3
152 silly idealTree:prePrune ├── esutils@2.0.2
152 silly idealTree:prePrune ├── etag@1.7.0
152 silly idealTree:prePrune ├── express@4.13.4
152 silly idealTree:prePrune ├── extend@3.0.0
152 silly idealTree:prePrune ├── extsprintf@1.0.2
152 silly idealTree:prePrune ├── fast-levenshtein@1.1.3
152 silly idealTree:prePrune ├── finalhandler@0.4.1
152 silly idealTree:prePrune ├── forever-agent@0.6.1
152 silly idealTree:prePrune ├─┬ form-data@1.0.0-rc4
152 silly idealTree:prePrune │ ├── mime-db@1.22.0
152 silly idealTree:prePrune │ └── mime-types@2.1.10
152 silly idealTree:prePrune ├── forwarded@0.1.0
152 silly idealTree:prePrune ├── fresh@0.3.0
152 silly idealTree:prePrune ├── fs@0.0.2
152 silly idealTree:prePrune ├── generate-function@2.0.0
152 silly idealTree:prePrune ├── generate-object-property@1.2.0
152 silly idealTree:prePrune ├── glob@3.2.3
152 silly idealTree:prePrune ├── graceful-fs@2.0.3
152 silly idealTree:prePrune ├── graceful-readlink@1.0.1
152 silly idealTree:prePrune ├── growl@1.8.1
152 silly idealTree:prePrune ├─┬ har-validator@2.0.6
152 silly idealTree:prePrune │ └── commander@2.9.0
152 silly idealTree:prePrune ├── has-ansi@2.0.0
152 silly idealTree:prePrune ├── hawk@3.1.3
152 silly idealTree:prePrune ├── hoek@2.16.3
152 silly idealTree:prePrune ├── http-errors@1.3.1
152 silly idealTree:prePrune ├── http-signature@1.1.1
152 silly idealTree:prePrune ├── inflight@1.0.4
152 silly idealTree:prePrune ├── inherits@2.0.1
152 silly idealTree:prePrune ├── ipaddr.js@1.0.5
152 silly idealTree:prePrune ├── is-my-json-valid@2.13.1
152 silly idealTree:prePrune ├── is-property@1.0.2
152 silly idealTree:prePrune ├── is-typedarray@1.0.0
152 silly idealTree:prePrune ├── isarray@1.0.0
152 silly idealTree:prePrune ├── isstream@0.1.2
152 silly idealTree:prePrune ├─┬ jade@0.26.3
152 silly idealTree:prePrune │ ├── commander@0.6.1
152 silly idealTree:prePrune │ └── mkdirp@0.3.0
152 silly idealTree:prePrune ├── jodid25519@1.0.2
152 silly idealTree:prePrune ├── jsbn@0.1.0
152 silly idealTree:prePrune ├─┬ jsdom@8.1.0
152 silly idealTree:prePrune │ └── sax@1.1.6
152 silly idealTree:prePrune ├── json-schema@0.2.2
152 silly idealTree:prePrune ├── json-stringify-safe@5.0.1
152 silly idealTree:prePrune ├── jsonpointer@2.0.0
152 silly idealTree:prePrune ├── jsprim@1.2.2
152 silly idealTree:prePrune ├── levn@0.3.0
152 silly idealTree:prePrune ├── lodash@4.6.1
152 silly idealTree:prePrune ├── lru-cache@2.7.3
152 silly idealTree:prePrune ├── media-typer@0.3.0
152 silly idealTree:prePrune ├── merge-descriptors@1.0.1
152 silly idealTree:prePrune ├── methods@1.1.2
152 silly idealTree:prePrune ├── mime-db@1.21.0
152 silly idealTree:prePrune ├── mime-types@2.1.9
152 silly idealTree:prePrune ├── mime@1.3.4
152 silly idealTree:prePrune ├── minimatch@0.2.14
152 silly idealTree:prePrune ├── minimist@0.0.8
152 silly idealTree:prePrune ├── mkdirp@0.5.1
152 silly idealTree:prePrune ├── mocha@2.4.5
152 silly idealTree:prePrune ├─┬ morgan@1.6.1
152 silly idealTree:prePrune │ └── depd@1.0.1
152 silly idealTree:prePrune ├── ms@0.7.1
152 silly idealTree:prePrune ├── nan@2.2.0
152 silly idealTree:prePrune ├── nchart@1.0.1
152 silly idealTree:prePrune ├── negotiator@0.5.3
152 silly idealTree:prePrune ├── node-highcharts@0.0.2
152 silly idealTree:prePrune ├── node-uuid@1.4.7
152 silly idealTree:prePrune ├── nwmatcher@1.3.7
152 silly idealTree:prePrune ├── oauth-sign@0.8.1
152 silly idealTree:prePrune ├── on-finished@2.3.0
152 silly idealTree:prePrune ├── on-headers@1.0.1
152 silly idealTree:prePrune ├── once@1.3.3
152 silly idealTree:prePrune ├── optionator@0.8.1
152 silly idealTree:prePrune ├── options@0.0.6
152 silly idealTree:prePrune ├── parse5@1.5.1
152 silly idealTree:prePrune ├── parseurl@1.3.1
152 silly idealTree:prePrune ├── path-is-absolute@1.0.0
152 silly idealTree:prePrune ├── path-to-regexp@0.1.7
152 silly idealTree:prePrune ├── path@0.12.7
152 silly idealTree:prePrune ├── pinkie-promise@2.0.0
152 silly idealTree:prePrune ├── pinkie@2.0.4
152 silly idealTree:prePrune ├── prelude-ls@1.1.2
152 silly idealTree:prePrune ├── process-nextick-args@1.0.6
152 silly idealTree:prePrune ├── process@0.11.2
152 silly idealTree:prePrune ├── proxy-addr@1.0.10
152 silly idealTree:prePrune ├── pseudomap@1.0.2
152 silly idealTree:prePrune ├── qs@4.0.0
152 silly idealTree:prePrune ├── range-parser@1.0.3
152 silly idealTree:prePrune ├── readable-stream@2.0.6
152 silly idealTree:prePrune ├─┬ request@2.69.0
152 silly idealTree:prePrune │ └── qs@6.0.2
152 silly idealTree:prePrune ├─┬ rimraf@2.5.2
152 silly idealTree:prePrune │ ├── glob@7.0.3
152 silly idealTree:prePrune │ └── minimatch@3.0.0
152 silly idealTree:prePrune ├── sax@0.6.1
152 silly idealTree:prePrune ├── selenium-webdriver@2.53.1
152 silly idealTree:prePrune ├── send@0.13.1
152 silly idealTree:prePrune ├── serve-static@1.10.2
152 silly idealTree:prePrune ├── sigmund@1.0.1
152 silly idealTree:prePrune ├── sntp@1.0.9
152 silly idealTree:prePrune ├── source-map@0.2.0
152 silly idealTree:prePrune ├── sshpk@1.7.4
152 silly idealTree:prePrune ├── statuses@1.2.1
152 silly idealTree:prePrune ├── string_decoder@0.10.31
152 silly idealTree:prePrune ├── stringstream@0.0.5
152 silly idealTree:prePrune ├── strip-ansi@3.0.1
152 silly idealTree:prePrune ├── supports-color@1.2.0
152 silly idealTree:prePrune ├── symbol-tree@3.1.4
152 silly idealTree:prePrune ├── tmp@0.0.24
152 silly idealTree:prePrune ├── tough-cookie@2.2.2
152 silly idealTree:prePrune ├── tr46@0.0.3
152 silly idealTree:prePrune ├── tunnel-agent@0.4.2
152 silly idealTree:prePrune ├── tweetnacl@0.14.1
152 silly idealTree:prePrune ├── type-check@0.3.2
152 silly idealTree:prePrune ├── type-is@1.6.11
152 silly idealTree:prePrune ├── ultron@1.0.2
152 silly idealTree:prePrune ├── unpipe@1.0.0
152 silly idealTree:prePrune ├── util-deprecate@1.0.2
152 silly idealTree:prePrune ├── util@0.10.3
152 silly idealTree:prePrune ├── utils-merge@1.0.0
152 silly idealTree:prePrune ├── vary@1.0.1
152 silly idealTree:prePrune ├── verror@1.3.6
152 silly idealTree:prePrune ├── webidl-conversions@3.0.1
152 silly idealTree:prePrune ├── whatwg-url@1.0.1
152 silly idealTree:prePrune ├── wordwrap@1.0.0
152 silly idealTree:prePrune ├── wrappy@1.0.1
152 silly idealTree:prePrune ├── ws@1.0.1
152 silly idealTree:prePrune ├── xml-name-validator@2.0.1
152 silly idealTree:prePrune ├── xml2js@0.4.4
152 silly idealTree:prePrune ├── xmlbuilder@5.0.1
152 silly idealTree:prePrune ├── xtend@4.0.1
152 silly idealTree:prePrune └── yallist@2.0.0
153 silly loadIdealTree Finishing
154 silly currentTree ped_green@1.0.0
154 silly currentTree ├── abab@1.0.3
154 silly currentTree ├── accepts@1.2.13
154 silly currentTree ├── acorn-globals@1.0.9
154 silly currentTree ├── acorn@2.7.0
154 silly currentTree ├── adm-zip@0.4.4
154 silly currentTree ├── amdefine@1.0.0
154 silly currentTree ├── ansi-regex@2.0.0
154 silly currentTree ├── ansi-styles@2.2.0
154 silly currentTree ├── array-equal@1.0.0
154 silly currentTree ├── array-flatten@1.1.1
154 silly currentTree ├── asn1@0.2.3
154 silly currentTree ├── assert-plus@0.2.0
154 silly currentTree ├── assert@1.3.0
154 silly currentTree ├── async@1.5.2
154 silly currentTree ├── aws-sign2@0.6.0
154 silly currentTree ├─┬ aws4@1.3.2
154 silly currentTree │ └── lru-cache@4.0.0
154 silly currentTree ├── balanced-match@0.3.0
154 silly currentTree ├── basic-auth@1.0.3
154 silly currentTree ├── bl@1.0.3
154 silly currentTree ├── boom@2.10.1
154 silly currentTree ├── brace-expansion@1.1.3
154 silly currentTree ├── caseless@0.11.0
154 silly currentTree ├─┬ chalk@1.1.1
154 silly currentTree │ └── supports-color@2.0.0
154 silly currentTree ├── color-convert@1.0.0
154 silly currentTree ├── combined-stream@1.0.5
154 silly currentTree ├── commander@2.3.0
154 silly currentTree ├── concat-map@0.0.1
154 silly currentTree ├── content-disposition@0.5.1
154 silly currentTree ├── content-type@1.0.1
154 silly currentTree ├── cookie-signature@1.0.6
154 silly currentTree ├── cookie@0.1.5
154 silly currentTree ├── core-util-is@1.0.2
154 silly currentTree ├── cryptiles@2.0.5
154 silly currentTree ├── cssom@0.3.1
154 silly currentTree ├── cssstyle@0.2.34
154 silly currentTree ├─┬ dashdash@1.13.0
154 silly currentTree │ └── assert-plus@1.0.0
154 silly currentTree ├── debug@2.2.0
154 silly currentTree ├── deep-is@0.1.3
154 silly currentTree ├── delayed-stream@1.0.0
154 silly currentTree ├── depd@1.1.0
154 silly currentTree ├── destroy@1.0.4
154 silly currentTree ├── diff@1.4.0
154 silly currentTree ├── ecc-jsbn@0.1.1
154 silly currentTree ├── ee-first@1.1.1
154 silly currentTree ├── escape-html@1.0.3
154 silly currentTree ├── escape-string-regexp@1.0.2
154 silly currentTree ├── escodegen@1.8.0
154 silly currentTree ├── esprima@2.7.2
154 silly currentTree ├── estraverse@1.9.3
154 silly currentTree ├── esutils@2.0.2
154 silly currentTree ├── etag@1.7.0
154 silly currentTree ├── express@4.13.4
154 silly currentTree ├── extend@3.0.0
154 silly currentTree ├── extsprintf@1.0.2
154 silly currentTree ├── fast-levenshtein@1.1.3
154 silly currentTree ├── finalhandler@0.4.1
154 silly currentTree ├── forever-agent@0.6.1
154 silly currentTree ├─┬ form-data@1.0.0-rc4
154 silly currentTree │ ├── mime-db@1.22.0
154 silly currentTree │ └── mime-types@2.1.10
154 silly currentTree ├── forwarded@0.1.0
154 silly currentTree ├── fresh@0.3.0
154 silly currentTree ├── fs@0.0.2
154 silly currentTree ├── generate-function@2.0.0
154 silly currentTree ├── generate-object-property@1.2.0
154 silly currentTree ├── glob@3.2.3
154 silly currentTree ├── graceful-fs@2.0.3
154 silly currentTree ├── graceful-readlink@1.0.1
154 silly currentTree ├── growl@1.8.1
154 silly currentTree ├─┬ har-validator@2.0.6
154 silly currentTree │ └── commander@2.9.0
154 silly currentTree ├── has-ansi@2.0.0
154 silly currentTree ├── hawk@3.1.3
154 silly currentTree ├── hoek@2.16.3
154 silly currentTree ├── http-errors@1.3.1
154 silly currentTree ├── http-signature@1.1.1
154 silly currentTree ├── inflight@1.0.4
154 silly currentTree ├── inherits@2.0.1
154 silly currentTree ├── ipaddr.js@1.0.5
154 silly currentTree ├── is-my-json-valid@2.13.1
154 silly currentTree ├── is-property@1.0.2
154 silly currentTree ├── is-typedarray@1.0.0
154 silly currentTree ├── isarray@1.0.0
154 silly currentTree ├── isstream@0.1.2
154 silly currentTree ├─┬ jade@0.26.3
154 silly currentTree │ ├── commander@0.6.1
154 silly currentTree │ └── mkdirp@0.3.0
154 silly currentTree ├── jodid25519@1.0.2
154 silly currentTree ├── jsbn@0.1.0
154 silly currentTree ├─┬ jsdom@8.1.0
154 silly currentTree │ └── sax@1.1.6
154 silly currentTree ├── json-schema@0.2.2
154 silly currentTree ├── json-stringify-safe@5.0.1
154 silly currentTree ├── jsonpointer@2.0.0
154 silly currentTree ├── jsprim@1.2.2
154 silly currentTree ├── levn@0.3.0
154 silly currentTree ├── lodash@4.6.1
154 silly currentTree ├── lru-cache@2.7.3
154 silly currentTree ├── media-typer@0.3.0
154 silly currentTree ├── merge-descriptors@1.0.1
154 silly currentTree ├── methods@1.1.2
154 silly currentTree ├── mime-db@1.21.0
154 silly currentTree ├── mime-types@2.1.9
154 silly currentTree ├── mime@1.3.4
154 silly currentTree ├── minimatch@0.2.14
154 silly currentTree ├── minimist@0.0.8
154 silly currentTree ├── mkdirp@0.5.1
154 silly currentTree ├── mocha@2.4.5
154 silly currentTree ├─┬ morgan@1.6.1
154 silly currentTree │ └── depd@1.0.1
154 silly currentTree ├── ms@0.7.1
154 silly currentTree ├── negotiator@0.5.3
154 silly currentTree ├── node-highcharts@0.0.2
154 silly currentTree ├── node-uuid@1.4.7
154 silly currentTree ├── nwmatcher@1.3.7
154 silly currentTree ├── oauth-sign@0.8.1
154 silly currentTree ├── on-finished@2.3.0
154 silly currentTree ├── on-headers@1.0.1
154 silly currentTree ├── once@1.3.3
154 silly currentTree ├── optionator@0.8.1
154 silly currentTree ├── options@0.0.6
154 silly currentTree ├── parse5@1.5.1
154 silly currentTree ├── parseurl@1.3.1
154 silly currentTree ├── path-is-absolute@1.0.0
154 silly currentTree ├── path-to-regexp@0.1.7
154 silly currentTree ├── path@0.12.7
154 silly currentTree ├── pinkie-promise@2.0.0
154 silly currentTree ├── pinkie@2.0.4
154 silly currentTree ├── prelude-ls@1.1.2
154 silly currentTree ├── process-nextick-args@1.0.6
154 silly currentTree ├── process@0.11.2
154 silly currentTree ├── proxy-addr@1.0.10
154 silly currentTree ├── pseudomap@1.0.2
154 silly currentTree ├── qs@4.0.0
154 silly currentTree ├── range-parser@1.0.3
154 silly currentTree ├── readable-stream@2.0.6
154 silly currentTree ├─┬ request@2.69.0
154 silly currentTree │ └── qs@6.0.2
154 silly currentTree ├─┬ rimraf@2.5.2
154 silly currentTree │ ├── glob@7.0.3
154 silly currentTree │ └── minimatch@3.0.0
154 silly currentTree ├── sax@0.6.1
154 silly currentTree ├── selenium-webdriver@2.53.1
154 silly currentTree ├── send@0.13.1
154 silly currentTree ├── serve-static@1.10.2
154 silly currentTree ├── sigmund@1.0.1
154 silly currentTree ├── sntp@1.0.9
154 silly currentTree ├── source-map@0.2.0
154 silly currentTree ├── sshpk@1.7.4
154 silly currentTree ├── statuses@1.2.1
154 silly currentTree ├── string_decoder@0.10.31
154 silly currentTree ├── stringstream@0.0.5
154 silly currentTree ├── strip-ansi@3.0.1
154 silly currentTree ├── supports-color@1.2.0
154 silly currentTree ├── symbol-tree@3.1.4
154 silly currentTree ├── tmp@0.0.24
154 silly currentTree ├── tough-cookie@2.2.2
154 silly currentTree ├── tr46@0.0.3
154 silly currentTree ├── tunnel-agent@0.4.2
154 silly currentTree ├── tweetnacl@0.14.1
154 silly currentTree ├── type-check@0.3.2
154 silly currentTree ├── type-is@1.6.11
154 silly currentTree ├── ultron@1.0.2
154 silly currentTree ├── unpipe@1.0.0
154 silly currentTree ├── util-deprecate@1.0.2
154 silly currentTree ├── util@0.10.3
154 silly currentTree ├── utils-merge@1.0.0
154 silly currentTree ├── vary@1.0.1
154 silly currentTree ├── verror@1.3.6
154 silly currentTree ├── webidl-conversions@3.0.1
154 silly currentTree ├── whatwg-url@1.0.1
154 silly currentTree ├── wordwrap@1.0.0
154 silly currentTree ├── wrappy@1.0.1
154 silly currentTree ├── ws@1.0.1
154 silly currentTree ├── xml-name-validator@2.0.1
154 silly currentTree ├── xml2js@0.4.4
154 silly currentTree ├── xmlbuilder@5.0.1
154 silly currentTree ├── xtend@4.0.1
154 silly currentTree └── yallist@2.0.0
155 silly idealTree ped_green@1.0.0
155 silly idealTree ├── abab@1.0.3
155 silly idealTree ├── accepts@1.2.13
155 silly idealTree ├── acorn-globals@1.0.9
155 silly idealTree ├── acorn@2.7.0
155 silly idealTree ├── adm-zip@0.4.4
155 silly idealTree ├── amdefine@1.0.0
155 silly idealTree ├── ansi-regex@2.0.0
155 silly idealTree ├── ansi-styles@2.2.0
155 silly idealTree ├── array-equal@1.0.0
155 silly idealTree ├── array-flatten@1.1.1
155 silly idealTree ├── asn1@0.2.3
155 silly idealTree ├── assert-plus@0.2.0
155 silly idealTree ├── assert@1.3.0
155 silly idealTree ├── async@1.5.2
155 silly idealTree ├── aws-sign2@0.6.0
155 silly idealTree ├─┬ aws4@1.3.2
155 silly idealTree │ └── lru-cache@4.0.0
155 silly idealTree ├── balanced-match@0.3.0
155 silly idealTree ├── basic-auth@1.0.3
155 silly idealTree ├── bl@1.0.3
155 silly idealTree ├── boom@2.10.1
155 silly idealTree ├── brace-expansion@1.1.3
155 silly idealTree ├── canvas@1.3.12
155 silly idealTree ├── caseless@0.11.0
155 silly idealTree ├─┬ chalk@1.1.1
155 silly idealTree │ └── supports-color@2.0.0
155 silly idealTree ├── color-convert@1.0.0
155 silly idealTree ├── combined-stream@1.0.5
155 silly idealTree ├── commander@2.3.0
155 silly idealTree ├── concat-map@0.0.1
155 silly idealTree ├── content-disposition@0.5.1
155 silly idealTree ├── content-type@1.0.1
155 silly idealTree ├── cookie-signature@1.0.6
155 silly idealTree ├── cookie@0.1.5
155 silly idealTree ├── core-util-is@1.0.2
155 silly idealTree ├── cryptiles@2.0.5
155 silly idealTree ├── cssom@0.3.1
155 silly idealTree ├── cssstyle@0.2.34
155 silly idealTree ├─┬ dashdash@1.13.0
155 silly idealTree │ └── assert-plus@1.0.0
155 silly idealTree ├── debug@2.2.0
155 silly idealTree ├── deep-is@0.1.3
155 silly idealTree ├── delayed-stream@1.0.0
155 silly idealTree ├── depd@1.1.0
155 silly idealTree ├── destroy@1.0.4
155 silly idealTree ├── diff@1.4.0
155 silly idealTree ├── ecc-jsbn@0.1.1
155 silly idealTree ├── ee-first@1.1.1
155 silly idealTree ├── escape-html@1.0.3
155 silly idealTree ├── escape-string-regexp@1.0.2
155 silly idealTree ├── escodegen@1.8.0
155 silly idealTree ├── esprima@2.7.2
155 silly idealTree ├── estraverse@1.9.3
155 silly idealTree ├── esutils@2.0.2
155 silly idealTree ├── etag@1.7.0
155 silly idealTree ├── express@4.13.4
155 silly idealTree ├── extend@3.0.0
155 silly idealTree ├── extsprintf@1.0.2
155 silly idealTree ├── fast-levenshtein@1.1.3
155 silly idealTree ├── finalhandler@0.4.1
155 silly idealTree ├── forever-agent@0.6.1
155 silly idealTree ├─┬ form-data@1.0.0-rc4
155 silly idealTree │ ├── mime-db@1.22.0
155 silly idealTree │ └── mime-types@2.1.10
155 silly idealTree ├── forwarded@0.1.0
155 silly idealTree ├── fresh@0.3.0
155 silly idealTree ├── fs@0.0.2
155 silly idealTree ├── generate-function@2.0.0
155 silly idealTree ├── generate-object-property@1.2.0
155 silly idealTree ├── glob@3.2.3
155 silly idealTree ├── graceful-fs@2.0.3
155 silly idealTree ├── graceful-readlink@1.0.1
155 silly idealTree ├── growl@1.8.1
155 silly idealTree ├─┬ har-validator@2.0.6
155 silly idealTree │ └── commander@2.9.0
155 silly idealTree ├── has-ansi@2.0.0
155 silly idealTree ├── hawk@3.1.3
155 silly idealTree ├── hoek@2.16.3
155 silly idealTree ├── http-errors@1.3.1
155 silly idealTree ├── http-signature@1.1.1
155 silly idealTree ├── inflight@1.0.4
155 silly idealTree ├── inherits@2.0.1
155 silly idealTree ├── ipaddr.js@1.0.5
155 silly idealTree ├── is-my-json-valid@2.13.1
155 silly idealTree ├── is-property@1.0.2
155 silly idealTree ├── is-typedarray@1.0.0
155 silly idealTree ├── isarray@1.0.0
155 silly idealTree ├── isstream@0.1.2
155 silly idealTree ├─┬ jade@0.26.3
155 silly idealTree │ ├── commander@0.6.1
155 silly idealTree │ └── mkdirp@0.3.0
155 silly idealTree ├── jodid25519@1.0.2
155 silly idealTree ├── jsbn@0.1.0
155 silly idealTree ├─┬ jsdom@8.1.0
155 silly idealTree │ └── sax@1.1.6
155 silly idealTree ├── json-schema@0.2.2
155 silly idealTree ├── json-stringify-safe@5.0.1
155 silly idealTree ├── jsonpointer@2.0.0
155 silly idealTree ├── jsprim@1.2.2
155 silly idealTree ├── levn@0.3.0
155 silly idealTree ├── lodash@4.6.1
155 silly idealTree ├── lru-cache@2.7.3
155 silly idealTree ├── media-typer@0.3.0
155 silly idealTree ├── merge-descriptors@1.0.1
155 silly idealTree ├── methods@1.1.2
155 silly idealTree ├── mime-db@1.21.0
155 silly idealTree ├── mime-types@2.1.9
155 silly idealTree ├── mime@1.3.4
155 silly idealTree ├── minimatch@0.2.14
155 silly idealTree ├── minimist@0.0.8
155 silly idealTree ├── mkdirp@0.5.1
155 silly idealTree ├── mocha@2.4.5
155 silly idealTree ├─┬ morgan@1.6.1
155 silly idealTree │ └── depd@1.0.1
155 silly idealTree ├── ms@0.7.1
155 silly idealTree ├── nan@2.2.0
155 silly idealTree ├── nchart@1.0.1
155 silly idealTree ├── negotiator@0.5.3
155 silly idealTree ├── node-highcharts@0.0.2
155 silly idealTree ├── node-uuid@1.4.7
155 silly idealTree ├── nwmatcher@1.3.7
155 silly idealTree ├── oauth-sign@0.8.1
155 silly idealTree ├── on-finished@2.3.0
155 silly idealTree ├── on-headers@1.0.1
155 silly idealTree ├── once@1.3.3
155 silly idealTree ├── optionator@0.8.1
155 silly idealTree ├── options@0.0.6
155 silly idealTree ├── parse5@1.5.1
155 silly idealTree ├── parseurl@1.3.1
155 silly idealTree ├── path-is-absolute@1.0.0
155 silly idealTree ├── path-to-regexp@0.1.7
155 silly idealTree ├── path@0.12.7
155 silly idealTree ├── pinkie-promise@2.0.0
155 silly idealTree ├── pinkie@2.0.4
155 silly idealTree ├── prelude-ls@1.1.2
155 silly idealTree ├── process-nextick-args@1.0.6
155 silly idealTree ├── process@0.11.2
155 silly idealTree ├── proxy-addr@1.0.10
155 silly idealTree ├── pseudomap@1.0.2
155 silly idealTree ├── qs@4.0.0
155 silly idealTree ├── range-parser@1.0.3
155 silly idealTree ├── readable-stream@2.0.6
155 silly idealTree ├─┬ request@2.69.0
155 silly idealTree │ └── qs@6.0.2
155 silly idealTree ├─┬ rimraf@2.5.2
155 silly idealTree │ ├── glob@7.0.3
155 silly idealTree │ └── minimatch@3.0.0
155 silly idealTree ├── sax@0.6.1
155 silly idealTree ├── selenium-webdriver@2.53.1
155 silly idealTree ├── send@0.13.1
155 silly idealTree ├── serve-static@1.10.2
155 silly idealTree ├── sigmund@1.0.1
155 silly idealTree ├── sntp@1.0.9
155 silly idealTree ├── source-map@0.2.0
155 silly idealTree ├── sshpk@1.7.4
155 silly idealTree ├── statuses@1.2.1
155 silly idealTree ├── string_decoder@0.10.31
155 silly idealTree ├── stringstream@0.0.5
155 silly idealTree ├── strip-ansi@3.0.1
155 silly idealTree ├── supports-color@1.2.0
155 silly idealTree ├── symbol-tree@3.1.4
155 silly idealTree ├── tmp@0.0.24
155 silly idealTree ├── tough-cookie@2.2.2
155 silly idealTree ├── tr46@0.0.3
155 silly idealTree ├── tunnel-agent@0.4.2
155 silly idealTree ├── tweetnacl@0.14.1
155 silly idealTree ├── type-check@0.3.2
155 silly idealTree ├── type-is@1.6.11
155 silly idealTree ├── ultron@1.0.2
155 silly idealTree ├── unpipe@1.0.0
155 silly idealTree ├── util-deprecate@1.0.2
155 silly idealTree ├── util@0.10.3
155 silly idealTree ├── utils-merge@1.0.0
155 silly idealTree ├── vary@1.0.1
155 silly idealTree ├── verror@1.3.6
155 silly idealTree ├── webidl-conversions@3.0.1
155 silly idealTree ├── whatwg-url@1.0.1
155 silly idealTree ├── wordwrap@1.0.0
155 silly idealTree ├── wrappy@1.0.1
155 silly idealTree ├── ws@1.0.1
155 silly idealTree ├── xml-name-validator@2.0.1
155 silly idealTree ├── xml2js@0.4.4
155 silly idealTree ├── xmlbuilder@5.0.1
155 silly idealTree ├── xtend@4.0.1
155 silly idealTree └── yallist@2.0.0
156 silly generateActionsToTake Starting
157 silly install generateActionsToTake
158 silly generateActionsToTake Finishing
159 silly diffTrees action count 3
160 silly diffTrees add nan@2.2.0
161 silly diffTrees add canvas@1.3.12
162 silly diffTrees add nchart@1.0.1
163 silly decomposeActions action count 24
164 silly decomposeActions fetch nan@2.2.0
165 silly decomposeActions extract nan@2.2.0
166 silly decomposeActions test nan@2.2.0
167 silly decomposeActions preinstall nan@2.2.0
168 silly decomposeActions build nan@2.2.0
169 silly decomposeActions install nan@2.2.0
170 silly decomposeActions postinstall nan@2.2.0
171 silly decomposeActions finalize nan@2.2.0
172 silly decomposeActions fetch canvas@1.3.12
173 silly decomposeActions extract canvas@1.3.12
174 silly decomposeActions test canvas@1.3.12
175 silly decomposeActions preinstall canvas@1.3.12
176 silly decomposeActions build canvas@1.3.12
177 silly decomposeActions install canvas@1.3.12
178 silly decomposeActions postinstall canvas@1.3.12
179 silly decomposeActions finalize canvas@1.3.12
180 silly decomposeActions fetch nchart@1.0.1
181 silly decomposeActions extract nchart@1.0.1
182 silly decomposeActions test nchart@1.0.1
183 silly decomposeActions preinstall nchart@1.0.1
184 silly decomposeActions build nchart@1.0.1
185 silly decomposeActions install nchart@1.0.1
186 silly decomposeActions postinstall nchart@1.0.1
187 silly decomposeActions finalize nchart@1.0.1
188 silly executeActions Starting
189 silly install executeActions
190 silly doSerial global-install 0
191 silly doParallel fetch 3
192 verbose lock using /home/mlabouardy/.npm/_locks/staging-2c4be3bd82f823aa.lock for /home/mlabouardy/git/demo7/app/ped_green/node_modules/.staging
193 silly doParallel extract 3
194 silly extract nan@2.2.0
195 silly extract canvas@1.3.12
196 silly extract nchart@1.0.1
197 verbose unbuild node_modules/.staging/nan-0015674af94c0c2870a0955623583b5d
198 verbose unbuild node_modules/.staging/canvas-90fa5d374ee17c7f7d7c03e37254bdbd
199 verbose unbuild node_modules/.staging/nchart-c3d9fe147388ff6d72340101c3075f29
200 silly gentlyRm /home/mlabouardy/git/demo7/app/ped_green/node_modules/.staging/nan-0015674af94c0c2870a0955623583b5d is being purged from base /home/mlabouardy/git/demo7/app/ped_green
201 verbose gentlyRm don't care about contents; nuking /home/mlabouardy/git/demo7/app/ped_green/node_modules/.staging/nan-0015674af94c0c2870a0955623583b5d
202 silly gentlyRm /home/mlabouardy/git/demo7/app/ped_green/node_modules/.staging/canvas-90fa5d374ee17c7f7d7c03e37254bdbd is being purged from base /home/mlabouardy/git/demo7/app/ped_green
203 verbose gentlyRm don't care about contents; nuking /home/mlabouardy/git/demo7/app/ped_green/node_modules/.staging/canvas-90fa5d374ee17c7f7d7c03e37254bdbd
204 silly gentlyRm /home/mlabouardy/git/demo7/app/ped_green/node_modules/.staging/nchart-c3d9fe147388ff6d72340101c3075f29 is being purged from base /home/mlabouardy/git/demo7/app/ped_green
205 verbose gentlyRm don't care about contents; nuking /home/mlabouardy/git/demo7/app/ped_green/node_modules/.staging/nchart-c3d9fe147388ff6d72340101c3075f29
206 verbose tar unpack /home/mlabouardy/.npm/nan/2.2.0/package.tgz
207 verbose tar unpacking to /home/mlabouardy/git/demo7/app/ped_green/node_modules/.staging/nan-0015674af94c0c2870a0955623583b5d
208 silly gentlyRm /home/mlabouardy/git/demo7/app/ped_green/node_modules/.staging/nan-0015674af94c0c2870a0955623583b5d is being purged
209 verbose gentlyRm don't care about contents; nuking /home/mlabouardy/git/demo7/app/ped_green/node_modules/.staging/nan-0015674af94c0c2870a0955623583b5d
210 verbose tar unpack /home/mlabouardy/.npm/canvas/1.3.12/package.tgz
211 verbose tar unpacking to /home/mlabouardy/git/demo7/app/ped_green/node_modules/.staging/canvas-90fa5d374ee17c7f7d7c03e37254bdbd
212 silly gentlyRm /home/mlabouardy/git/demo7/app/ped_green/node_modules/.staging/canvas-90fa5d374ee17c7f7d7c03e37254bdbd is being purged
213 verbose gentlyRm don't care about contents; nuking /home/mlabouardy/git/demo7/app/ped_green/node_modules/.staging/canvas-90fa5d374ee17c7f7d7c03e37254bdbd
214 verbose tar unpack /home/mlabouardy/.npm/nchart/1.0.1/package.tgz
215 verbose tar unpacking to /home/mlabouardy/git/demo7/app/ped_green/node_modules/.staging/nchart-c3d9fe147388ff6d72340101c3075f29
216 silly gentlyRm /home/mlabouardy/git/demo7/app/ped_green/node_modules/.staging/nchart-c3d9fe147388ff6d72340101c3075f29 is being purged
217 verbose gentlyRm don't care about contents; nuking /home/mlabouardy/git/demo7/app/ped_green/node_modules/.staging/nchart-c3d9fe147388ff6d72340101c3075f29
218 silly gunzTarPerm modes [ '775', '664' ]
219 silly gunzTarPerm modes [ '775', '664' ]
220 silly gunzTarPerm modes [ '775', '664' ]
221 silly gunzTarPerm extractEntry package.json
222 silly gunzTarPerm extractEntry package.json
223 silly gunzTarPerm modified mode [ 'package.json', 420, 436 ]
224 silly gunzTarPerm extractEntry package.json
225 silly gunzTarPerm modified mode [ 'package.json', 420, 436 ]
226 silly gunzTarPerm extractEntry README.md
227 silly gunzTarPerm extractEntry include_dirs.js
228 silly gunzTarPerm extractEntry .npmignore
229 silly gunzTarPerm modified mode [ '.npmignore', 420, 436 ]
230 silly gunzTarPerm extractEntry index.js
231 silly gunzTarPerm modified mode [ 'index.js', 420, 436 ]
232 silly gunzTarPerm extractEntry .npmignore
233 silly gunzTarPerm modified mode [ '.npmignore', 420, 436 ]
234 silly gunzTarPerm extractEntry README.md
235 silly gunzTarPerm modified mode [ 'README.md', 420, 436 ]
236 silly gunzTarPerm extractEntry LICENSE
237 silly gunzTarPerm modified mode [ 'LICENSE', 420, 436 ]
238 silly gunzTarPerm extractEntry Chart.js
239 silly gunzTarPerm modified mode [ 'Chart.js', 420, 436 ]
240 silly gunzTarPerm extractEntry nan_converters.h
241 silly gunzTarPerm extractEntry LICENSE.md
242 silly gunzTarPerm extractEntry .dntrc
243 silly gunzTarPerm extractEntry Readme.md
244 silly gunzTarPerm modified mode [ 'Readme.md', 420, 436 ]
245 silly gunzTarPerm extractEntry binding.gyp
246 silly gunzTarPerm modified mode [ 'binding.gyp', 493, 509 ]
247 silly gunzTarPerm extractEntry appveyor.yml
248 silly gunzTarPerm extractEntry index.js
249 silly gunzTarPerm modified mode [ 'index.js', 420, 436 ]
250 silly gunzTarPerm extractEntry .travis.yml
251 silly gunzTarPerm modified mode [ '.travis.yml', 420, 436 ]
252 silly gunzTarPerm extractEntry doc/new.md
253 silly gunzTarPerm extractEntry doc/.build.sh
254 silly gunzTarPerm extractEntry lib/bindings.js
255 silly gunzTarPerm modified mode [ 'lib/bindings.js', 420, 436 ]
256 silly gunzTarPerm extractEntry lib/canvas.js
257 silly gunzTarPerm modified mode [ 'lib/canvas.js', 420, 436 ]
258 silly gunzTarPerm extractEntry History.md
259 silly gunzTarPerm modified mode [ 'History.md', 420, 436 ]
260 silly gunzTarPerm extractEntry examples/bar.js
261 silly gunzTarPerm modified mode [ 'examples/bar.js', 420, 436 ]
262 silly gunzTarPerm extractEntry doc/buffers.md
263 silly gunzTarPerm extractEntry doc/callback.md
264 silly gunzTarPerm extractEntry lib/context2d.js
265 silly gunzTarPerm modified mode [ 'lib/context2d.js', 420, 436 ]
266 silly gunzTarPerm extractEntry lib/image.js
267 silly gunzTarPerm modified mode [ 'lib/image.js', 420, 436 ]
268 silly gunzTarPerm extractEntry examples/doughnut.js
269 silly gunzTarPerm modified mode [ 'examples/doughnut.js', 420, 436 ]
270 silly gunzTarPerm extractEntry examples/doughnut.json.js
271 silly gunzTarPerm modified mode [ 'examples/doughnut.json.js', 420, 436 ]
272 silly gunzTarPerm extractEntry examples/line.js
273 silly gunzTarPerm modified mode [ 'examples/line.js', 420, 436 ]
274 silly gunzTarPerm extractEntry examples/line.json.js
275 silly gunzTarPerm modified mode [ 'examples/line.json.js', 420, 436 ]
276 silly gunzTarPerm extractEntry examples/bar.json.js
277 silly gunzTarPerm modified mode [ 'examples/bar.json.js', 420, 436 ]
278 silly gunzTarPerm extractEntry doc/converters.md
279 silly gunzTarPerm extractEntry doc/errors.md
280 silly gunzTarPerm extractEntry examples/radar.js
281 silly gunzTarPerm modified mode [ 'examples/radar.js', 420, 436 ]
282 silly gunzTarPerm extractEntry examples/polararea.js
283 silly gunzTarPerm modified mode [ 'examples/polararea.js', 420, 436 ]
284 silly gunzTarPerm extractEntry lib/jpegstream.js
285 silly gunzTarPerm modified mode [ 'lib/jpegstream.js', 420, 436 ]
286 silly gunzTarPerm extractEntry lib/pngstream.js
287 silly gunzTarPerm modified mode [ 'lib/pngstream.js', 420, 436 ]
288 silly gunzTarPerm extractEntry examples/polararea.json.js
289 silly gunzTarPerm modified mode [ 'examples/polararea.json.js', 420, 436 ]
290 silly gunzTarPerm extractEntry examples/pie.js
291 silly gunzTarPerm modified mode [ 'examples/pie.js', 420, 436 ]
292 silly gunzTarPerm extractEntry doc/maybe_types.md
293 silly gunzTarPerm extractEntry doc/methods.md
294 silly gunzTarPerm extractEntry History.md
295 silly gunzTarPerm modified mode [ 'History.md', 420, 436 ]
296 silly gunzTarPerm extractEntry src/Image.cc
297 silly gunzTarPerm modified mode [ 'src/Image.cc', 420, 436 ]
298 silly gunzTarPerm extractEntry doc/asyncworker.md
299 silly gunzTarPerm extractEntry doc/node_misc.md
300 silly gunzTarPerm extractEntry examples/pie.json
301 silly gunzTarPerm modified mode [ 'examples/pie.json', 420, 436 ]
302 silly gunzTarPerm extractEntry examples/radar.json
303 silly gunzTarPerm modified mode [ 'examples/radar.json', 420, 436 ]
304 silly gunzTarPerm extractEntry src/Canvas.cc
305 silly gunzTarPerm modified mode [ 'src/Canvas.cc', 420, 436 ]
306 silly gunzTarPerm extractEntry src/CanvasGradient.cc
307 silly gunzTarPerm modified mode [ 'src/CanvasGradient.cc', 420, 436 ]
308 silly gunzTarPerm extractEntry lib/bar.js
309 silly gunzTarPerm modified mode [ 'lib/bar.js', 420, 436 ]
310 silly gunzTarPerm extractEntry lib/chart.js
311 silly gunzTarPerm modified mode [ 'lib/chart.js', 420, 436 ]
312 silly gunzTarPerm extractEntry doc/object_wrappers.md
313 silly gunzTarPerm extractEntry doc/persistent.md
314 silly gunzTarPerm extractEntry src/CanvasGradient.h
315 silly gunzTarPerm modified mode [ 'src/CanvasGradient.h', 420, 436 ]
316 silly gunzTarPerm extractEntry src/CanvasPattern.cc
317 silly gunzTarPerm modified mode [ 'src/CanvasPattern.cc', 420, 436 ]
318 silly gunzTarPerm extractEntry lib/doughnut.js
319 silly gunzTarPerm modified mode [ 'lib/doughnut.js', 420, 436 ]
320 silly gunzTarPerm extractEntry lib/line.js
321 silly gunzTarPerm modified mode [ 'lib/line.js', 420, 436 ]
322 silly gunzTarPerm extractEntry doc/scopes.md
323 silly gunzTarPerm extractEntry doc/script.md
324 silly gunzTarPerm extractEntry src/CanvasPattern.h
325 silly gunzTarPerm modified mode [ 'src/CanvasPattern.h', 420, 436 ]
326 silly gunzTarPerm extractEntry src/CanvasRenderingContext2d.cc
327 silly gunzTarPerm modified mode [ 'src/CanvasRenderingContext2d.cc', 493, 509 ]
328 silly gunzTarPerm extractEntry lib/pie.js
329 silly gunzTarPerm modified mode [ 'lib/pie.js', 420, 436 ]
330 silly gunzTarPerm extractEntry lib/polararea.js
331 silly gunzTarPerm modified mode [ 'lib/polararea.js', 420, 436 ]
332 silly gunzTarPerm extractEntry doc/string_bytes.md
333 silly gunzTarPerm extractEntry doc/v8_internals.md
334 silly gunzTarPerm extractEntry src/CanvasRenderingContext2d.h
335 silly gunzTarPerm modified mode [ 'src/CanvasRenderingContext2d.h', 420, 436 ]
336 silly gunzTarPerm extractEntry src/FontFace.cc
337 silly gunzTarPerm modified mode [ 'src/FontFace.cc', 493, 509 ]
338 silly gunzTarPerm extractEntry lib/radar.js
339 silly gunzTarPerm modified mode [ 'lib/radar.js', 420, 436 ]
340 silly gunzTarPerm extractEntry lib/utils.js
341 silly gunzTarPerm modified mode [ 'lib/utils.js', 420, 436 ]
342 silly gunzTarPerm extractEntry doc/v8_misc.md
343 silly gunzTarPerm extractEntry Makefile
344 silly gunzTarPerm modified mode [ 'Makefile', 420, 436 ]
345 silly gunzTarPerm extractEntry test/index.js
346 silly gunzTarPerm modified mode [ 'test/index.js', 420, 436 ]
347 silly gunzTarPerm extractEntry src/FontFace.h
348 silly gunzTarPerm modified mode [ 'src/FontFace.h', 420, 436 ]
349 silly gunzTarPerm extractEntry src/Canvas.h
350 silly gunzTarPerm modified mode [ 'src/Canvas.h', 420, 436 ]
351 silly gunzTarPerm extractEntry nan.h
352 silly gunzTarPerm extractEntry nan_callbacks.h
353 silly gunzTarPerm extractEntry src/Image.h
354 silly gunzTarPerm modified mode [ 'src/Image.h', 420, 436 ]
355 silly gunzTarPerm extractEntry src/ImageData.cc
356 silly gunzTarPerm modified mode [ 'src/ImageData.cc', 420, 436 ]
357 silly gunzTarPerm extractEntry nan_callbacks_12_inl.h
358 silly gunzTarPerm extractEntry nan_callbacks_pre_12_inl.h
359 silly gunzTarPerm extractEntry src/ImageData.h
360 silly gunzTarPerm modified mode [ 'src/ImageData.h', 420, 436 ]
361 silly gunzTarPerm extractEntry src/JPEGStream.h
362 silly gunzTarPerm modified mode [ 'src/JPEGStream.h', 420, 436 ]
363 silly gunzTarPerm extractEntry src/PNG.h
364 silly gunzTarPerm modified mode [ 'src/PNG.h', 420, 436 ]
365 silly gunzTarPerm extractEntry src/Point.h
366 silly gunzTarPerm modified mode [ 'src/Point.h', 420, 436 ]
367 silly gunzTarPerm extractEntry nan_converters_43_inl.h
368 silly gunzTarPerm extractEntry nan_converters_pre_43_inl.h
369 silly gunzTarPerm extractEntry nan_implementation_12_inl.h
370 silly gunzTarPerm extractEntry nan_implementation_pre_12_inl.h
371 silly gunzTarPerm extractEntry src/closure.h
372 silly gunzTarPerm modified mode [ 'src/closure.h', 420, 436 ]
373 silly gunzTarPerm extractEntry src/color.cc
374 silly gunzTarPerm modified mode [ 'src/color.cc', 420, 436 ]
375 silly gunzTarPerm extractEntry nan_maybe_43_inl.h
376 silly gunzTarPerm extractEntry nan_maybe_pre_43_inl.h
377 silly gunzTarPerm extractEntry nan_new.h
378 silly gunzTarPerm extractEntry nan_object_wrap.h
379 silly gunzTarPerm extractEntry src/color.h
380 silly gunzTarPerm modified mode [ 'src/color.h', 420, 436 ]
381 silly gunzTarPerm extractEntry src/init.cc
382 silly gunzTarPerm modified mode [ 'src/init.cc', 493, 509 ]
383 silly gunzTarPerm extractEntry nan_persistent_12_inl.h
384 silly gunzTarPerm extractEntry nan_persistent_pre_12_inl.h
385 silly gunzTarPerm extractEntry util/has_lib.sh
386 silly gunzTarPerm modified mode [ 'util/has_lib.sh', 493, 509 ]
387 silly gunzTarPerm extractEntry nan_string_bytes.h
388 silly gunzTarPerm extractEntry nan_typedarray_contents.h
389 silly gunzTarPerm extractEntry nan_weak.h
390 silly gunzTarPerm extractEntry CHANGELOG.md
391 silly gunzTarPerm extractEntry tools/package.json
392 silly gunzTarPerm extractEntry tools/README.md
393 silly gunzTarPerm extractEntry tools/1to2.js
394 silly gentlyRm /home/mlabouardy/git/demo7/app/ped_green/node_modules/.staging/nchart-c3d9fe147388ff6d72340101c3075f29/node_modules is being purged
395 verbose gentlyRm don't care about contents; nuking /home/mlabouardy/git/demo7/app/ped_green/node_modules/.staging/nchart-c3d9fe147388ff6d72340101c3075f29/node_modules
396 silly gentlyRm /home/mlabouardy/git/demo7/app/ped_green/node_modules/.staging/canvas-90fa5d374ee17c7f7d7c03e37254bdbd/node_modules is being purged
397 verbose gentlyRm don't care about contents; nuking /home/mlabouardy/git/demo7/app/ped_green/node_modules/.staging/canvas-90fa5d374ee17c7f7d7c03e37254bdbd/node_modules
398 silly gentlyRm /home/mlabouardy/git/demo7/app/ped_green/node_modules/.staging/nan-0015674af94c0c2870a0955623583b5d/node_modules is being purged
399 verbose gentlyRm don't care about contents; nuking /home/mlabouardy/git/demo7/app/ped_green/node_modules/.staging/nan-0015674af94c0c2870a0955623583b5d/node_modules
400 silly doParallel preinstall 3
401 silly preinstall nan@2.2.0 /home/mlabouardy/git/demo7/app/ped_green/node_modules/.staging/nan-0015674af94c0c2870a0955623583b5d
402 info lifecycle nan@2.2.0~preinstall: nan@2.2.0
403 silly preinstall canvas@1.3.12 /home/mlabouardy/git/demo7/app/ped_green/node_modules/.staging/canvas-90fa5d374ee17c7f7d7c03e37254bdbd
404 info lifecycle canvas@1.3.12~preinstall: canvas@1.3.12
405 silly preinstall nchart@1.0.1 /home/mlabouardy/git/demo7/app/ped_green/node_modules/.staging/nchart-c3d9fe147388ff6d72340101c3075f29
406 info lifecycle nchart@1.0.1~preinstall: nchart@1.0.1
407 silly lifecycle nan@2.2.0~preinstall: no script for preinstall, continuing
408 silly lifecycle canvas@1.3.12~preinstall: no script for preinstall, continuing
409 silly lifecycle nchart@1.0.1~preinstall: no script for preinstall, continuing
410 silly doReverseSerial remove 0
411 silly doSerial move 0
412 silly doSerial finalize 3
413 silly finalize /home/mlabouardy/git/demo7/app/ped_green/node_modules/nan
414 silly finalize /home/mlabouardy/git/demo7/app/ped_green/node_modules/canvas
415 silly finalize /home/mlabouardy/git/demo7/app/ped_green/node_modules/nchart
416 silly doSerial build 3
417 silly build nan@2.2.0
418 info linkStuff nan@2.2.0
419 silly linkStuff nan@2.2.0 has /home/mlabouardy/git/demo7/app/ped_green/node_modules as its parent node_modules
420 verbose linkBins nan@2.2.0
421 verbose linkMans nan@2.2.0
422 silly build canvas@1.3.12
423 info linkStuff canvas@1.3.12
424 silly linkStuff canvas@1.3.12 has /home/mlabouardy/git/demo7/app/ped_green/node_modules as its parent node_modules
425 verbose linkBins canvas@1.3.12
426 verbose linkMans canvas@1.3.12
427 silly build nchart@1.0.1
428 info linkStuff nchart@1.0.1
429 silly linkStuff nchart@1.0.1 has /home/mlabouardy/git/demo7/app/ped_green/node_modules as its parent node_modules
430 verbose linkBins nchart@1.0.1
431 verbose linkMans nchart@1.0.1
432 silly doSerial global-link 0
433 silly doParallel update-linked 0
434 silly doSerial install 3
435 silly install nan@2.2.0 /home/mlabouardy/git/demo7/app/ped_green/node_modules/.staging/nan-0015674af94c0c2870a0955623583b5d
436 info lifecycle nan@2.2.0~install: nan@2.2.0
437 silly lifecycle nan@2.2.0~install: no script for install, continuing
438 silly install canvas@1.3.12 /home/mlabouardy/git/demo7/app/ped_green/node_modules/.staging/canvas-90fa5d374ee17c7f7d7c03e37254bdbd
439 info lifecycle canvas@1.3.12~install: canvas@1.3.12
440 verbose lifecycle canvas@1.3.12~install: unsafe-perm in lifecycle true
441 verbose lifecycle canvas@1.3.12~install: PATH: /usr/local/lib/node_modules/npm/bin/node-gyp-bin:/home/mlabouardy/git/demo7/app/ped_green/node_modules/canvas/node_modules/.bin:/home/mlabouardy/git/demo7/app/ped_green/node_modules/.bin:/usr/local/heroku/bin:/home/mlabouardy/Desktop/android-studio:/usr/local/sbin:/usr/local/bin:/usr/sbin:/usr/bin:/sbin:/bin:/usr/games:/usr/local/games:/usr/lib/jvm/java-8-oracle/bin:/usr/lib/jvm/java-8-oracle/db/bin:/usr/lib/jvm/java-8-oracle/jre/bin
442 verbose lifecycle canvas@1.3.12~install: CWD: /home/mlabouardy/git/demo7/app/ped_green/node_modules/canvas
443 silly lifecycle canvas@1.3.12~install: Args: [ '-c', 'node-gyp rebuild' ]
444 silly lifecycle canvas@1.3.12~install: Returned: code: 1  signal: null
445 info lifecycle canvas@1.3.12~install: Failed to exec install script
446 verbose unlock done using /home/mlabouardy/.npm/_locks/staging-2c4be3bd82f823aa.lock for /home/mlabouardy/git/demo7/app/ped_green/node_modules/.staging
447 silly rollbackFailedOptional Starting
448 silly rollbackFailedOptional Finishing
449 silly runTopLevelLifecycles Starting
450 silly runTopLevelLifecycles Finishing
451 silly install printInstalled
452 verbose stack Error: canvas@1.3.12 install: `node-gyp rebuild`
452 verbose stack Exit status 1
452 verbose stack     at EventEmitter.<anonymous> (/usr/local/lib/node_modules/npm/lib/utils/lifecycle.js:232:16)
452 verbose stack     at emitTwo (events.js:87:13)
452 verbose stack     at EventEmitter.emit (events.js:172:7)
452 verbose stack     at ChildProcess.<anonymous> (/usr/local/lib/node_modules/npm/lib/utils/spawn.js:24:14)
452 verbose stack     at emitTwo (events.js:87:13)
452 verbose stack     at ChildProcess.emit (events.js:172:7)
452 verbose stack     at maybeClose (internal/child_process.js:818:16)
452 verbose stack     at Process.ChildProcess._handle.onexit (internal/child_process.js:211:5)
453 verbose pkgid canvas@1.3.12
454 verbose cwd /home/mlabouardy/git/demo7/app/ped_green
455 error Linux 3.13.0-32-generic
456 error argv "/usr/local/bin/node" "/usr/local/bin/npm" "install" "--save" "canvas" "nchart"
457 error node v4.2.2
458 error npm  v3.5.1
459 error code ELIFECYCLE
460 error canvas@1.3.12 install: `node-gyp rebuild`
460 error Exit status 1
461 error Failed at the canvas@1.3.12 install script 'node-gyp rebuild'.
461 error Make sure you have the latest version of node.js and npm installed.
461 error If you do, this is most likely a problem with the canvas package,
461 error not with npm itself.
461 error Tell the author that this fails on your system:
461 error     node-gyp rebuild
461 error You can get information on how to open an issue for this project with:
461 error     npm bugs canvas
461 error Or if that isn't available, you can get their info via:
461 error     npm owner ls canvas
461 error There is likely additional logging output above.
462 verbose exit [ 1, true ]
